<<<<<<< Updated upstream
Base path: E:/Program Files (x86)/Unity/Editor/Data
Pipe name: \\.\pipe\UnityShaderCompiler-1-59800
=======
Base path: /Applications/Unity/Unity.app/Contents
Pipe name: \\.\pipe\UnityShaderCompiler-1--1598250540
>>>>>>> Stashed changes
Cmd: getPlatforms
Cmd: preprocess
  insize=786 outsize=786 ok=1
Cmd: preprocess
  insize=1245 outsize=1245 ok=1
Cmd: preprocess
  insize=706 outsize=706 ok=1
Cmd: preprocess
  insize=3189 outsize=1978 ok=1
Cmd: compileSnippet
  api=0 type=0 insize=1515 outsize=397 kw=SOFTPARTICLES_OFF ok=1
Cmd: compileSnippet
  api=0 type=1 insize=1515 outsize=269 kw=SOFTPARTICLES_OFF ok=1
Cmd: preprocess
  insize=600 outsize=600 ok=1
Cmd: preprocess
  insize=634 outsize=634 ok=1
Cmd: preprocess
  insize=2410 outsize=1760 ok=1
Cmd: compileSnippet
  api=0 type=0 insize=952 outsize=397 kw= ok=1
Cmd: compileSnippet
  api=0 type=1 insize=952 outsize=222 kw= ok=1
Cmd: preprocess
  insize=1792 outsize=1792 ok=1
Cmd: preprocess
  insize=920 outsize=920 ok=1
Cmd: preprocess
  insize=3899 outsize=2605 ok=1
Cmd: compileSnippet
  api=0 type=0 insize=1602 outsize=693 kw= ok=1
Cmd: compileSnippet
  api=0 type=1 insize=1602 outsize=733 kw= ok=1
Cmd: preprocess
  insize=1445 outsize=1442 ok=1
Cmd: preprocess
  insize=683 outsize=683 ok=1
Cmd: preprocess
  insize=717 outsize=717 ok=1
Cmd: preprocess
  insize=1670 outsize=2342 ok=1
Cmd: compileSnippet
  api=0 type=0 insize=4478 outsize=920 kw=DIRECTIONAL SHADOWS_OFF LIGHTMAP_OFF DIRLIGHTMAP_OFF ok=1
Cmd: compileSnippet
  api=0 type=1 insize=4478 outsize=412 kw=DIRECTIONAL SHADOWS_OFF LIGHTMAP_OFF DIRLIGHTMAP_OFF ok=1
Cmd: compileSnippet
  api=0 type=0 insize=2441 outsize=818 kw=POINT ok=1
Cmd: compileSnippet
  api=0 type=1 insize=2441 outsize=584 kw=POINT ok=1
Cmd: compileSnippet
  api=0 type=0 insize=2100 outsize=525 kw= ok=1
Cmd: compileSnippet
  api=0 type=1 insize=2100 outsize=294 kw= ok=1
Cmd: compileSnippet
  api=0 type=0 insize=4178 outsize=906 kw=LIGHTMAP_OFF DIRLIGHTMAP_OFF HDR_LIGHT_PREPASS_OFF ok=1
Cmd: compileSnippet
  api=0 type=1 insize=4178 outsize=387 kw=LIGHTMAP_OFF DIRLIGHTMAP_OFF HDR_LIGHT_PREPASS_OFF ok=1
Cmd: preprocess
  insize=3298 outsize=2928 ok=1
Cmd: compileSnippet
  api=0 type=0 insize=5928 outsize=1193 kw=DIRECTIONAL SHADOWS_OFF LIGHTMAP_OFF DIRLIGHTMAP_OFF ok=1
Cmd: compileSnippet
  api=0 type=1 insize=5928 outsize=1342 kw=DIRECTIONAL SHADOWS_OFF LIGHTMAP_OFF DIRLIGHTMAP_OFF ok=1
Cmd: compileSnippet
  api=0 type=0 insize=3848 outsize=1091 kw=POINT ok=1
Cmd: compileSnippet
  api=0 type=1 insize=3848 outsize=917 kw=POINT ok=1
Cmd: compileSnippet
  api=0 type=0 insize=3272 outsize=662 kw= ok=1
Cmd: compileSnippet
  api=0 type=1 insize=3272 outsize=159 kw= ok=1
Cmd: compileSnippet
  api=0 type=0 insize=5589 outsize=1179 kw=LIGHTMAP_OFF DIRLIGHTMAP_OFF HDR_LIGHT_PREPASS_OFF ok=1
Cmd: compileSnippet
  api=0 type=1 insize=5589 outsize=1312 kw=LIGHTMAP_OFF DIRLIGHTMAP_OFF HDR_LIGHT_PREPASS_OFF ok=1
Cmd: preprocess
  insize=1544 outsize=2206 ok=1
Cmd: compileSnippet
  api=0 type=0 insize=4367 outsize=919 kw=DIRECTIONAL SHADOWS_OFF LIGHTMAP_OFF DIRLIGHTMAP_OFF ok=1
Cmd: compileSnippet
  api=0 type=1 insize=4367 outsize=378 kw=DIRECTIONAL SHADOWS_OFF LIGHTMAP_OFF DIRLIGHTMAP_OFF ok=1
Cmd: compileSnippet
  api=0 type=0 insize=2343 outsize=817 kw=POINT ok=1
Cmd: compileSnippet
  api=0 type=1 insize=2343 outsize=561 kw=POINT ok=1
Cmd: compileSnippet
  api=0 type=0 insize=1871 outsize=457 kw= ok=1
Cmd: compileSnippet
  api=0 type=1 insize=1871 outsize=159 kw= ok=1
Cmd: compileSnippet
  api=0 type=0 insize=4084 outsize=905 kw=LIGHTMAP_OFF DIRLIGHTMAP_OFF HDR_LIGHT_PREPASS_OFF ok=1
Cmd: compileSnippet
  api=0 type=1 insize=4084 outsize=350 kw=LIGHTMAP_OFF DIRLIGHTMAP_OFF HDR_LIGHT_PREPASS_OFF ok=1
Cmd: preprocess
  insize=456 outsize=456 ok=1
Cmd: preprocess
  insize=1303 outsize=1303 ok=1
Cmd: preprocess
  insize=3157 outsize=1919 ok=1
Cmd: compileSnippet
  api=0 type=0 insize=1542 outsize=397 kw=SOFTPARTICLES_OFF ok=1
Cmd: compileSnippet
  api=0 type=1 insize=1542 outsize=224 kw=SOFTPARTICLES_OFF ok=1
Cmd: preprocess
  insize=2475 outsize=2472 ok=1
Cmd: preprocess
  insize=1725 outsize=1007 ok=1
Cmd: compileSnippet
  api=0 type=0 insize=1020 outsize=397 kw= ok=1
Cmd: compileSnippet
  api=0 type=1 insize=1020 outsize=290 kw= ok=1
Cmd: preprocess
  insize=558 outsize=558 ok=1
Cmd: preprocess
  insize=361 outsize=361 ok=1
Cmd: compileSnippet
  api=0 type=0 insize=2343 outsize=560 kw=DIRECTIONAL ok=1
Cmd: compileSnippet
  api=0 type=1 insize=2343 outsize=380 kw=DIRECTIONAL ok=1
Cmd: compileSnippet
  api=0 type=0 insize=2441 outsize=561 kw=DIRECTIONAL ok=1
Cmd: compileSnippet
  api=0 type=1 insize=2441 outsize=400 kw=DIRECTIONAL ok=1
